<?xml version="1.0" encoding="UTF-8"?>
<testsuite name="com.example.restaurant.wishlist.repository.WishListRepositoryTest" tests="1" skipped="0" failures="0" errors="0" timestamp="2022-06-01T14:16:24" hostname="yelim-ui-MacBookAir.local" time="0.605">
  <properties/>
  <testcase name="listAllTest()" classname="com.example.restaurant.wishlist.repository.WishListRepositoryTest" time="0.605"/>
  <system-out><![CDATA[23:16:19.441 [Test worker] DEBUG org.springframework.test.context.BootstrapUtils - Instantiating CacheAwareContextLoaderDelegate from class [org.springframework.test.context.cache.DefaultCacheAwareContextLoaderDelegate]
23:16:19.452 [Test worker] DEBUG org.springframework.test.context.BootstrapUtils - Instantiating BootstrapContext using constructor [public org.springframework.test.context.support.DefaultBootstrapContext(java.lang.Class,org.springframework.test.context.CacheAwareContextLoaderDelegate)]
23:16:19.520 [Test worker] DEBUG org.springframework.test.context.BootstrapUtils - Instantiating TestContextBootstrapper for test class [com.example.restaurant.wishlist.repository.WishListRepositoryTest] from class [org.springframework.boot.test.context.SpringBootTestContextBootstrapper]
23:16:19.535 [Test worker] INFO org.springframework.boot.test.context.SpringBootTestContextBootstrapper - Neither @ContextConfiguration nor @ContextHierarchy found for test class [com.example.restaurant.wishlist.repository.WishListRepositoryTest], using SpringBootContextLoader
23:16:19.539 [Test worker] DEBUG org.springframework.test.context.support.AbstractContextLoader - Did not detect default resource location for test class [com.example.restaurant.wishlist.repository.WishListRepositoryTest]: class path resource [com/example/restaurant/wishlist/repository/WishListRepositoryTest-context.xml] does not exist
23:16:19.541 [Test worker] DEBUG org.springframework.test.context.support.AbstractContextLoader - Did not detect default resource location for test class [com.example.restaurant.wishlist.repository.WishListRepositoryTest]: class path resource [com/example/restaurant/wishlist/repository/WishListRepositoryTestContext.groovy] does not exist
23:16:19.541 [Test worker] INFO org.springframework.test.context.support.AbstractContextLoader - Could not detect default resource locations for test class [com.example.restaurant.wishlist.repository.WishListRepositoryTest]: no resource found for suffixes {-context.xml, Context.groovy}.
23:16:19.544 [Test worker] INFO org.springframework.test.context.support.AnnotationConfigContextLoaderUtils - Could not detect default configuration classes for test class [com.example.restaurant.wishlist.repository.WishListRepositoryTest]: WishListRepositoryTest does not declare any static, non-private, non-final, nested classes annotated with @Configuration.
23:16:19.701 [Test worker] DEBUG org.springframework.test.context.support.ActiveProfilesUtils - Could not find an 'annotation declaring class' for annotation type [org.springframework.test.context.ActiveProfiles] and class [com.example.restaurant.wishlist.repository.WishListRepositoryTest]
23:16:19.843 [Test worker] DEBUG org.springframework.context.annotation.ClassPathScanningCandidateComponentProvider - Identified candidate component class: file [/Users/yerim/Downloads/restaurant/build/classes/java/main/com/example/restaurant/RestaurantApplication.class]
23:16:19.849 [Test worker] INFO org.springframework.boot.test.context.SpringBootTestContextBootstrapper - Found @SpringBootConfiguration com.example.restaurant.RestaurantApplication for test class com.example.restaurant.wishlist.repository.WishListRepositoryTest
23:16:20.059 [Test worker] DEBUG org.springframework.boot.test.context.SpringBootTestContextBootstrapper - @TestExecutionListeners is not present for class [com.example.restaurant.wishlist.repository.WishListRepositoryTest]: using defaults.
23:16:20.062 [Test worker] INFO org.springframework.boot.test.context.SpringBootTestContextBootstrapper - Loaded default TestExecutionListener class names from location [META-INF/spring.factories]: [org.springframework.boot.test.autoconfigure.restdocs.RestDocsTestExecutionListener, org.springframework.boot.test.autoconfigure.web.client.MockRestServiceServerResetTestExecutionListener, org.springframework.boot.test.autoconfigure.web.servlet.MockMvcPrintOnlyOnFailureTestExecutionListener, org.springframework.boot.test.autoconfigure.web.servlet.WebDriverTestExecutionListener, org.springframework.boot.test.autoconfigure.webservices.client.MockWebServiceServerTestExecutionListener, org.springframework.boot.test.mock.mockito.MockitoTestExecutionListener, org.springframework.boot.test.mock.mockito.ResetMocksTestExecutionListener, org.springframework.test.context.web.ServletTestExecutionListener, org.springframework.test.context.support.DirtiesContextBeforeModesTestExecutionListener, org.springframework.test.context.event.ApplicationEventsTestExecutionListener, org.springframework.test.context.support.DependencyInjectionTestExecutionListener, org.springframework.test.context.support.DirtiesContextTestExecutionListener, org.springframework.test.context.transaction.TransactionalTestExecutionListener, org.springframework.test.context.jdbc.SqlScriptsTestExecutionListener, org.springframework.test.context.event.EventPublishingTestExecutionListener]
23:16:20.076 [Test worker] DEBUG org.springframework.boot.test.context.SpringBootTestContextBootstrapper - Skipping candidate TestExecutionListener [org.springframework.test.context.transaction.TransactionalTestExecutionListener] due to a missing dependency. Specify custom listener classes or make the default listener classes and their required dependencies available. Offending class: [org/springframework/transaction/TransactionDefinition]
23:16:20.077 [Test worker] DEBUG org.springframework.boot.test.context.SpringBootTestContextBootstrapper - Skipping candidate TestExecutionListener [org.springframework.test.context.jdbc.SqlScriptsTestExecutionListener] due to a missing dependency. Specify custom listener classes or make the default listener classes and their required dependencies available. Offending class: [org/springframework/transaction/interceptor/TransactionAttribute]
23:16:20.077 [Test worker] INFO org.springframework.boot.test.context.SpringBootTestContextBootstrapper - Using TestExecutionListeners: [org.springframework.test.context.web.ServletTestExecutionListener@615f972, org.springframework.test.context.support.DirtiesContextBeforeModesTestExecutionListener@285f09de, org.springframework.test.context.event.ApplicationEventsTestExecutionListener@73393584, org.springframework.boot.test.mock.mockito.MockitoTestExecutionListener@31500940, org.springframework.boot.test.autoconfigure.SpringBootDependencyInjectionTestExecutionListener@1827a871, org.springframework.test.context.support.DirtiesContextTestExecutionListener@48e64352, org.springframework.test.context.event.EventPublishingTestExecutionListener@7249dadf, org.springframework.boot.test.autoconfigure.restdocs.RestDocsTestExecutionListener@4362d7df, org.springframework.boot.test.autoconfigure.web.client.MockRestServiceServerResetTestExecutionListener@66238be2, org.springframework.boot.test.autoconfigure.web.servlet.MockMvcPrintOnlyOnFailureTestExecutionListener@1c25b8a7, org.springframework.boot.test.autoconfigure.web.servlet.WebDriverTestExecutionListener@200606de, org.springframework.boot.test.autoconfigure.webservices.client.MockWebServiceServerTestExecutionListener@750fe12e, org.springframework.boot.test.mock.mockito.ResetMocksTestExecutionListener@f8908f6]
23:16:20.082 [Test worker] DEBUG org.springframework.test.context.support.AbstractDirtiesContextTestExecutionListener - Before test class: context [DefaultTestContext@7dac3fd8 testClass = WishListRepositoryTest, testInstance = [null], testMethod = [null], testException = [null], mergedContextConfiguration = [WebMergedContextConfiguration@425357dd testClass = WishListRepositoryTest, locations = '{}', classes = '{class com.example.restaurant.RestaurantApplication}', contextInitializerClasses = '[]', activeProfiles = '{}', propertySourceLocations = '{}', propertySourceProperties = '{org.springframework.boot.test.context.SpringBootTestContextBootstrapper=true}', contextCustomizers = set[org.springframework.boot.test.autoconfigure.actuate.metrics.MetricsExportContextCustomizerFactory$DisableMetricExportContextCustomizer@3eeb318f, org.springframework.boot.test.autoconfigure.properties.PropertyMappingContextCustomizer@0, org.springframework.boot.test.autoconfigure.web.servlet.WebDriverContextCustomizerFactory$Customizer@58fe0499, org.springframework.boot.test.context.filter.ExcludeFilterContextCustomizer@aa549e5, org.springframework.boot.test.json.DuplicateJsonObjectContextCustomizerFactory$DuplicateJsonObjectContextCustomizer@62e6b5c8, org.springframework.boot.test.mock.mockito.MockitoContextCustomizer@0, org.springframework.boot.test.web.client.TestRestTemplateContextCustomizer@2313052e, org.springframework.boot.test.context.SpringBootTestArgs@1, org.springframework.boot.test.context.SpringBootTestWebEnvironment@45385f75], resourceBasePath = 'src/main/webapp', contextLoader = 'org.springframework.boot.test.context.SpringBootContextLoader', parent = [null]], attributes = map['org.springframework.test.context.web.ServletTestExecutionListener.activateListener' -> true]], class annotated with @DirtiesContext [false] with mode [null].

  .   ____          _            __ _ _
 /\\ / ___'_ __ _ _(_)_ __  __ _ \ \ \ \
( ( )\___ | '_ | '_| | '_ \/ _` | \ \ \ \
 \\/  ___)| |_)| | | | | || (_| |  ) ) ) )
  '  |____| .__|_| |_|_| |_\__, | / / / /
 =========|_|==============|___/=/_/_/_/
 :: Spring Boot ::                (v2.7.0)

2022-06-01 23:16:20.848  INFO 98559 --- [    Test worker] c.e.r.w.r.WishListRepositoryTest         : Starting WishListRepositoryTest using Java 11.0.15 on yelim-ui-MacBookAir.local with PID 98559 (started by yerim in /Users/yerim/Downloads/restaurant)
2022-06-01 23:16:20.854  INFO 98559 --- [    Test worker] c.e.r.w.r.WishListRepositoryTest         : No active profile set, falling back to 1 default profile: "default"
2022-06-01 23:16:24.569  INFO 98559 --- [    Test worker] c.e.r.w.r.WishListRepositoryTest         : Started WishListRepositoryTest in 4.414 seconds (JVM running for 7.248)
]]></system-out>
  <system-err><![CDATA[]]></system-err>
</testsuite>
